{
  "RSpec": {
    "coverage": {
      "/Users/jennywang/MakersAcademy/projects/10thweek/insta300px/app/models/user.rb": [
        1,
        null,
        null,
        1,
        null,
        null,
        1,
        null
      ],
      "/Users/jennywang/MakersAcademy/projects/10thweek/insta300px/app/helpers/application_helper.rb": [
        1,
        null
      ],
      "/Users/jennywang/MakersAcademy/projects/10thweek/insta300px/app/helpers/charges_helper.rb": [
        1,
        null
      ],
      "/Users/jennywang/MakersAcademy/projects/10thweek/insta300px/app/helpers/maps_helper.rb": [
        1,
        null
      ],
      "/Users/jennywang/MakersAcademy/projects/10thweek/insta300px/app/helpers/posts_helper.rb": [
        1,
        null
      ],
      "/Users/jennywang/MakersAcademy/projects/10thweek/insta300px/app/helpers/tags_helper.rb": [
        1,
        null
      ],
      "/Users/jennywang/MakersAcademy/projects/10thweek/insta300px/app/controllers/charges_controller.rb": [
        1,
        null,
        1,
        null,
        null,
        1,
        null,
        null,
        1,
        3,
        null,
        null,
        1,
        1,
        null,
        1,
        null,
        null,
        null,
        null,
        1,
        null,
        1,
        null,
        null,
        null,
        null,
        null,
        0,
        0,
        null,
        null
      ],
      "/Users/jennywang/MakersAcademy/projects/10thweek/insta300px/app/controllers/application_controller.rb": [
        1,
        null,
        null,
        1,
        1,
        null,
        1,
        38,
        null,
        null,
        null
      ],
      "/Users/jennywang/MakersAcademy/projects/10thweek/insta300px/app/controllers/maps_controller.rb": [
        1,
        1,
        null,
        1,
        1,
        null,
        null
      ],
      "/Users/jennywang/MakersAcademy/projects/10thweek/insta300px/app/controllers/posts_controller.rb": [
        1,
        1,
        null,
        1,
        20,
        null,
        null,
        1,
        0,
        null,
        null,
        1,
        8,
        8,
        8,
        8,
        null,
        null,
        1,
        1,
        null,
        null,
        null
      ],
      "/Users/jennywang/MakersAcademy/projects/10thweek/insta300px/app/controllers/tags_controller.rb": [
        1,
        1,
        2,
        null,
        null
      ],
      "/Users/jennywang/MakersAcademy/projects/10thweek/insta300px/app/models/post.rb": [
        1,
        1,
        1,
        null,
        1,
        null,
        null,
        null,
        null,
        null,
        null,
        null,
        null,
        1,
        1,
        1,
        1,
        null,
        1,
        null,
        null,
        1,
        17,
        null,
        9,
        17,
        null,
        null,
        null
      ],
      "/Users/jennywang/MakersAcademy/projects/10thweek/insta300px/app/models/tag.rb": [
        1,
        1,
        null,
        1,
        10,
        null,
        null
      ]
    },
    "timestamp": 1409163210
  }
}
