{
  "RSpec": {
    "coverage": {
      "/Users/jennywang/MakersAcademy/projects/10thweek/insta300px/app/models/user.rb": [
        1,
        null,
        null,
        1,
        null,
        null,
        1,
        null
      ],
      "/Users/jennywang/MakersAcademy/projects/10thweek/insta300px/app/helpers/application_helper.rb": [
        1,
        null
      ],
      "/Users/jennywang/MakersAcademy/projects/10thweek/insta300px/app/helpers/charges_helper.rb": [
        1,
        null
      ],
      "/Users/jennywang/MakersAcademy/projects/10thweek/insta300px/app/helpers/likes_helper.rb": [
        1,
        null
      ],
      "/Users/jennywang/MakersAcademy/projects/10thweek/insta300px/app/helpers/maps_helper.rb": [
        1,
        null
      ],
      "/Users/jennywang/MakersAcademy/projects/10thweek/insta300px/app/helpers/posts_helper.rb": [
        1,
        null
      ],
      "/Users/jennywang/MakersAcademy/projects/10thweek/insta300px/app/helpers/tags_helper.rb": [
        1,
        null
      ],
      "/Users/jennywang/MakersAcademy/projects/10thweek/insta300px/app/helpers/users_helper.rb": [
        1,
        null
      ],
      "/Users/jennywang/MakersAcademy/projects/10thweek/insta300px/app/controllers/charges_controller.rb": [
        1,
        null,
        1,
        null,
        null,
        1,
        null,
        null,
        1,
        3,
        null,
        null,
        1,
        1,
        null,
        1,
        null,
        null,
        null,
        null,
        1,
        null,
        1,
        null,
        null,
        null,
        null,
        null,
        0,
        0,
        null,
        null
      ],
      "/Users/jennywang/MakersAcademy/projects/10thweek/insta300px/app/controllers/application_controller.rb": [
        1,
        null,
        null,
        1,
        1,
        null,
        1,
        40,
        null,
        null,
        null
      ],
      "/Users/jennywang/MakersAcademy/projects/10thweek/insta300px/app/controllers/likes_controller.rb": [
        1,
        1,
        1,
        1,
        null,
        1,
        null,
        null
      ],
      "/Users/jennywang/MakersAcademy/projects/10thweek/insta300px/app/controllers/maps_controller.rb": [
        1,
        1,
        null,
        1,
        1,
        null,
        null
      ],
      "/Users/jennywang/MakersAcademy/projects/10thweek/insta300px/app/controllers/posts_controller.rb": [
        1,
        1,
        null,
        1,
        21,
        21,
        21,
        null,
        null,
        1,
        0,
        null,
        null,
        1,
        8,
        8,
        8,
        8,
        null,
        null,
        null,
        null,
        null,
        null,
        null,
        2,
        null,
        null,
        8,
        null,
        8,
        null,
        null,
        1,
        1,
        1,
        null,
        null,
        null,
        null,
        null,
        null,
        null
      ],
      "/Users/jennywang/MakersAcademy/projects/10thweek/insta300px/app/controllers/tags_controller.rb": [
        1,
        1,
        2,
        null,
        null
      ],
      "/Users/jennywang/MakersAcademy/projects/10thweek/insta300px/app/controllers/users_controller.rb": [
        1,
        1,
        1,
        0,
        0,
        null,
        null
      ],
      "/Users/jennywang/MakersAcademy/projects/10thweek/insta300px/app/models/post.rb": [
        1,
        1,
        1,
        1,
        null,
        1,
        null,
        null,
        null,
        null,
        null,
        null,
        null,
        null,
        1,
        1,
        1,
        1,
        null,
        1,
        null,
        null,
        1,
        17,
        null,
        9,
        17,
        null,
        null,
        null
      ],
      "/Users/jennywang/MakersAcademy/projects/10thweek/insta300px/app/models/tag.rb": [
        1,
        1,
        null,
        1,
        10,
        null,
        null
      ],
      "/Users/jennywang/MakersAcademy/projects/10thweek/insta300px/app/models/like.rb": [
        1,
        1,
        null
      ]
    },
    "timestamp": 1412529811
  }
}
